<?xml version="1.0" encoding="UTF-8"?>
<!-- Generated by org.testng.reporters.JUnitReportReporter -->
<testsuite skipped="0" hostname="Shilpa-PC" name="com.crm.qa.testcases.LoginPageTest" tests="3" failures="0" timestamp="06 Aug 2018 07:35:18 GMT" time="203.796" errors="0">
  <testcase name="LoginPageTitleTest" time="49.165" classname="com.crm.qa.testcases.LoginPageTest"/>
  <testcase name="CRMLogoImageTest" time="51.286" classname="com.crm.qa.testcases.LoginPageTest"/>
  <testcase name="loginTest" time="103.345" classname="com.crm.qa.testcases.LoginPageTest"/>
</testsuite> <!-- com.crm.qa.testcases.LoginPageTest -->
