<?xml version="1.0" encoding="UTF-8"?>
<!-- Generated by org.testng.reporters.JUnitReportReporter -->
<testsuite skipped="0" hostname="Shilpa-PC" name="com.crm.qa.testcases.LoginPageTest" tests="3" failures="0" timestamp="02 Aug 2018 06:58:04 GMT" time="142.251" errors="0">
  <testcase name="LoginPageTitleTest" time="40.911" classname="com.crm.qa.testcases.LoginPageTest"/>
  <testcase name="CRMLogoImageTest" time="40.753" classname="com.crm.qa.testcases.LoginPageTest"/>
  <testcase name="loginTest" time="60.587" classname="com.crm.qa.testcases.LoginPageTest"/>
</testsuite> <!-- com.crm.qa.testcases.LoginPageTest -->
